============================= test session starts ==============================
platform darwin -- Python 3.12.0, pytest-8.3.4, pluggy-1.5.0
rootdir: /Users/merkava/Documents/School/Software engineering/SAS
plugins: anyio-4.4.0
collected 3 items

test_pipeline.py ...                                                     [100%]

=============================== warnings summary ===============================
../../../../../../Library/Python/3.12/lib/python/site-packages/dateutil/tz/tz.py:37
  /Users/merkava/Library/Python/3.12/lib/python/site-packages/dateutil/tz/tz.py:37: DeprecationWarning: datetime.datetime.utcfromtimestamp() is deprecated and scheduled for removal in a future version. Use timezone-aware objects to represent datetimes in UTC: datetime.datetime.fromtimestamp(timestamp, datetime.UTC).
    EPOCH = datetime.datetime.utcfromtimestamp(0)

<frozen importlib._bootstrap>:488
  <frozen importlib._bootstrap>:488: DeprecationWarning: Type google._upb._message.MessageMapContainer uses PyType_Spec with a metaclass that has custom tp_new. This is deprecated and will no longer be allowed in Python 3.14.

<frozen importlib._bootstrap>:488
  <frozen importlib._bootstrap>:488: DeprecationWarning: Type google._upb._message.ScalarMapContainer uses PyType_Spec with a metaclass that has custom tp_new. This is deprecated and will no longer be allowed in Python 3.14.

../../../../../../../../Library/Frameworks/Python.framework/Versions/3.12/lib/python3.12/site-packages/mlflow/gateway/config.py:64
  /Library/Frameworks/Python.framework/Versions/3.12/lib/python3.12/site-packages/mlflow/gateway/config.py:64: PydanticDeprecatedSince20: Pydantic V1 style `@validator` validators are deprecated. You should migrate to Pydantic V2 style `@field_validator` validators, see the migration guide for more details. Deprecated in Pydantic V2.0 to be removed in V3.0. See Pydantic V2 Migration Guide at https://errors.pydantic.dev/2.10/migration/
    @validator("togetherai_api_key", pre=True)

../../../../../../../../Library/Frameworks/Python.framework/Versions/3.12/lib/python3.12/site-packages/mlflow/gateway/config.py:78
  /Library/Frameworks/Python.framework/Versions/3.12/lib/python3.12/site-packages/mlflow/gateway/config.py:78: PydanticDeprecatedSince20: Pydantic V1 style `@validator` validators are deprecated. You should migrate to Pydantic V2 style `@field_validator` validators, see the migration guide for more details. Deprecated in Pydantic V2.0 to be removed in V3.0. See Pydantic V2 Migration Guide at https://errors.pydantic.dev/2.10/migration/
    @validator("cohere_api_key", pre=True)

../../../../../../../../Library/Frameworks/Python.framework/Versions/3.12/lib/python3.12/site-packages/mlflow/gateway/config.py:86
  /Library/Frameworks/Python.framework/Versions/3.12/lib/python3.12/site-packages/mlflow/gateway/config.py:86: PydanticDeprecatedSince20: Pydantic V1 style `@validator` validators are deprecated. You should migrate to Pydantic V2 style `@field_validator` validators, see the migration guide for more details. Deprecated in Pydantic V2.0 to be removed in V3.0. See Pydantic V2 Migration Guide at https://errors.pydantic.dev/2.10/migration/
    @validator("ai21labs_api_key", pre=True)

../../../../../../../../Library/Frameworks/Python.framework/Versions/3.12/lib/python3.12/site-packages/mlflow/gateway/config.py:95
  /Library/Frameworks/Python.framework/Versions/3.12/lib/python3.12/site-packages/mlflow/gateway/config.py:95: PydanticDeprecatedSince20: Pydantic V1 style `@validator` validators are deprecated. You should migrate to Pydantic V2 style `@field_validator` validators, see the migration guide for more details. Deprecated in Pydantic V2.0 to be removed in V3.0. See Pydantic V2 Migration Guide at https://errors.pydantic.dev/2.10/migration/
    @validator("mosaicml_api_key", pre=True)

../../../../../../../../Library/Frameworks/Python.framework/Versions/3.12/lib/python3.12/site-packages/mlflow/gateway/config.py:125
  /Library/Frameworks/Python.framework/Versions/3.12/lib/python3.12/site-packages/mlflow/gateway/config.py:125: PydanticDeprecatedSince20: Pydantic V1 style `@validator` validators are deprecated. You should migrate to Pydantic V2 style `@field_validator` validators, see the migration guide for more details. Deprecated in Pydantic V2.0 to be removed in V3.0. See Pydantic V2 Migration Guide at https://errors.pydantic.dev/2.10/migration/
    @validator("openai_api_key", pre=True)

../../../../../../../../Library/Frameworks/Python.framework/Versions/3.12/lib/python3.12/site-packages/mlflow/gateway/config.py:182
  /Library/Frameworks/Python.framework/Versions/3.12/lib/python3.12/site-packages/mlflow/gateway/config.py:182: PydanticDeprecatedSince20: Pydantic V1 style `@validator` validators are deprecated. You should migrate to Pydantic V2 style `@field_validator` validators, see the migration guide for more details. Deprecated in Pydantic V2.0 to be removed in V3.0. See Pydantic V2 Migration Guide at https://errors.pydantic.dev/2.10/migration/
    @validator("anthropic_api_key", pre=True)

../../../../../../../../Library/Frameworks/Python.framework/Versions/3.12/lib/python3.12/site-packages/mlflow/gateway/config.py:190
  /Library/Frameworks/Python.framework/Versions/3.12/lib/python3.12/site-packages/mlflow/gateway/config.py:190: PydanticDeprecatedSince20: Pydantic V1 style `@validator` validators are deprecated. You should migrate to Pydantic V2 style `@field_validator` validators, see the migration guide for more details. Deprecated in Pydantic V2.0 to be removed in V3.0. See Pydantic V2 Migration Guide at https://errors.pydantic.dev/2.10/migration/
    @validator("palm_api_key", pre=True)

../../../../../../../../Library/Frameworks/Python.framework/Versions/3.12/lib/python3.12/site-packages/mlflow/gateway/config.py:230
  /Library/Frameworks/Python.framework/Versions/3.12/lib/python3.12/site-packages/mlflow/gateway/config.py:230: PydanticDeprecatedSince20: Pydantic V1 style `@validator` validators are deprecated. You should migrate to Pydantic V2 style `@field_validator` validators, see the migration guide for more details. Deprecated in Pydantic V2.0 to be removed in V3.0. See Pydantic V2 Migration Guide at https://errors.pydantic.dev/2.10/migration/
    @validator("mistral_api_key", pre=True)

../../../../../../../../Library/Frameworks/Python.framework/Versions/3.12/lib/python3.12/site-packages/mlflow/gateway/config.py:284
  /Library/Frameworks/Python.framework/Versions/3.12/lib/python3.12/site-packages/mlflow/gateway/config.py:284: PydanticDeprecatedSince20: Pydantic V1 style `@validator` validators are deprecated. You should migrate to Pydantic V2 style `@field_validator` validators, see the migration guide for more details. Deprecated in Pydantic V2.0 to be removed in V3.0. See Pydantic V2 Migration Guide at https://errors.pydantic.dev/2.10/migration/
    @validator("provider", pre=True)

../../../../../../../../Library/Frameworks/Python.framework/Versions/3.12/lib/python3.12/site-packages/mlflow/gateway/config.py:311
  /Library/Frameworks/Python.framework/Versions/3.12/lib/python3.12/site-packages/mlflow/gateway/config.py:311: PydanticDeprecatedSince20: Pydantic V1 style `@validator` validators are deprecated. You should migrate to Pydantic V2 style `@field_validator` validators, see the migration guide for more details. Deprecated in Pydantic V2.0 to be removed in V3.0. See Pydantic V2 Migration Guide at https://errors.pydantic.dev/2.10/migration/
    @validator("config", pre=True)

../../../../../../../../Library/Frameworks/Python.framework/Versions/3.12/lib/python3.12/site-packages/mlflow/gateway/config.py:351
  /Library/Frameworks/Python.framework/Versions/3.12/lib/python3.12/site-packages/mlflow/gateway/config.py:351: PydanticDeprecatedSince20: Pydantic V1 style `@validator` validators are deprecated. You should migrate to Pydantic V2 style `@field_validator` validators, see the migration guide for more details. Deprecated in Pydantic V2.0 to be removed in V3.0. See Pydantic V2 Migration Guide at https://errors.pydantic.dev/2.10/migration/
    @validator("name")

../../../../../../../../Library/Frameworks/Python.framework/Versions/3.12/lib/python3.12/site-packages/mlflow/gateway/config.py:361
  /Library/Frameworks/Python.framework/Versions/3.12/lib/python3.12/site-packages/mlflow/gateway/config.py:361: PydanticDeprecatedSince20: Pydantic V1 style `@validator` validators are deprecated. You should migrate to Pydantic V2 style `@field_validator` validators, see the migration guide for more details. Deprecated in Pydantic V2.0 to be removed in V3.0. See Pydantic V2 Migration Guide at https://errors.pydantic.dev/2.10/migration/
    @validator("model", pre=True)

../../../../../../../../Library/Frameworks/Python.framework/Versions/3.12/lib/python3.12/site-packages/mlflow/gateway/config.py:372
  /Library/Frameworks/Python.framework/Versions/3.12/lib/python3.12/site-packages/mlflow/gateway/config.py:372: PydanticDeprecatedSince20: Pydantic V1 style `@root_validator` validators are deprecated. You should migrate to Pydantic V2 style `@model_validator` validators, see the migration guide for more details. Deprecated in Pydantic V2.0 to be removed in V3.0. See Pydantic V2 Migration Guide at https://errors.pydantic.dev/2.10/migration/
    @root_validator(skip_on_failure=True)

../../../../../../../../Library/Frameworks/Python.framework/Versions/3.12/lib/python3.12/site-packages/mlflow/gateway/config.py:394
  /Library/Frameworks/Python.framework/Versions/3.12/lib/python3.12/site-packages/mlflow/gateway/config.py:394: PydanticDeprecatedSince20: Pydantic V1 style `@validator` validators are deprecated. You should migrate to Pydantic V2 style `@field_validator` validators, see the migration guide for more details. Deprecated in Pydantic V2.0 to be removed in V3.0. See Pydantic V2 Migration Guide at https://errors.pydantic.dev/2.10/migration/
    @validator("route_type", pre=True)

../../../../../../../../Library/Frameworks/Python.framework/Versions/3.12/lib/python3.12/site-packages/mlflow/gateway/config.py:400
  /Library/Frameworks/Python.framework/Versions/3.12/lib/python3.12/site-packages/mlflow/gateway/config.py:400: PydanticDeprecatedSince20: Pydantic V1 style `@validator` validators are deprecated. You should migrate to Pydantic V2 style `@field_validator` validators, see the migration guide for more details. Deprecated in Pydantic V2.0 to be removed in V3.0. See Pydantic V2 Migration Guide at https://errors.pydantic.dev/2.10/migration/
    @validator("limit", pre=True)

../../../../../../../../Library/Frameworks/Python.framework/Versions/3.12/lib/python3.12/site-packages/pydantic/_internal/_config.py:295
  /Library/Frameworks/Python.framework/Versions/3.12/lib/python3.12/site-packages/pydantic/_internal/_config.py:295: PydanticDeprecatedSince20: Support for class-based `config` is deprecated, use ConfigDict instead. Deprecated in Pydantic V2.0 to be removed in V3.0. See Pydantic V2 Migration Guide at https://errors.pydantic.dev/2.10/migration/
    warnings.warn(DEPRECATION_MESSAGE, DeprecationWarning)

-- Docs: https://docs.pytest.org/en/stable/how-to/capture-warnings.html
======================= 3 passed, 19 warnings in 48.40s ========================
